<?xml version="1.0" encoding="utf-8" standalone="no"?>
<test-results xmlns:xsi="http://www.w3.org/2001/XMLSchema-instance" xsi:noNamespaceSchemaLocation="nunit_schema_2.5.xsd" name="Pester" total="10" errors="0" failures="0" not-run="0" inconclusive="0" ignored="0" skipped="0" invalid="0" date="2022-01-16" time="11:10:31">
  <environment platform="Linux" cwd="/home/runner/work/GraphApiRequests/GraphApiRequests" nunit-version="2.5.8.0" machine-name="fv-az127-428" user="runner" user-domain="" clr-version="Unknown" os-version="5.11.0-1025-azure" />
  <culture-info current-culture="" current-uiculture="" />
  <test-suite type="TestFixture" name="Pester" executed="True" result="Success" success="True" time="1.2193" asserts="0" description="Pester">
    <results>
      <test-suite type="TestFixture" name="/home/runner/work/GraphApiRequests/GraphApiRequests/Tests/Get-GraphDeviceAuthCode.Tests.ps1" executed="True" result="Success" success="True" time="0.6596" asserts="0" description="/home/runner/work/GraphApiRequests/GraphApiRequests/Tests/Get-GraphDeviceAuthCode.Tests.ps1">
        <results>
          <test-suite type="TestFixture" name="Get-GraphDeviceAuthCode" executed="True" result="Success" success="True" time="0.3208" asserts="0" description="Get-GraphDeviceAuthCode">
            <results>
              <test-case description="Returns predefined object" name="Get-GraphDeviceAuthCode.Returns predefined object" time="0.2639" asserts="0" success="True" result="Success" executed="True" />
            </results>
          </test-suite>
        </results>
      </test-suite>
      <test-suite type="TestFixture" name="/home/runner/work/GraphApiRequests/GraphApiRequests/Tests/Get-GraphDeviceAuthToken.Tests.ps1" executed="True" result="Success" success="True" time="0.1692" asserts="0" description="/home/runner/work/GraphApiRequests/GraphApiRequests/Tests/Get-GraphDeviceAuthToken.Tests.ps1">
        <results>
          <test-suite type="TestFixture" name="Get-GraphDeviceAuthToken" executed="True" result="Success" success="True" time="0.095" asserts="0" description="Get-GraphDeviceAuthToken">
            <results>
              <test-case description="It returns token" name="Get-GraphDeviceAuthToken.It returns token" time="0.0426" asserts="0" success="True" result="Success" executed="True" />
            </results>
          </test-suite>
        </results>
      </test-suite>
      <test-suite type="TestFixture" name="/home/runner/work/GraphApiRequests/GraphApiRequests/Tests/Get-GraphToken.Tests.ps1" executed="True" result="Success" success="True" time="0.0578" asserts="0" description="/home/runner/work/GraphApiRequests/GraphApiRequests/Tests/Get-GraphToken.Tests.ps1">
        <results>
          <test-suite type="TestFixture" name="Get-GraphToken" executed="True" result="Success" success="True" time="0.0424" asserts="0" description="Get-GraphToken">
            <results>
              <test-case description="Returns token object" name="Get-GraphToken.Returns token object" time="0.0098" asserts="0" success="True" result="Success" executed="True" />
              <test-case description="All params should be True" name="Get-GraphToken.All params should be True" time="0.0148" asserts="0" success="True" result="Success" executed="True" />
            </results>
          </test-suite>
        </results>
      </test-suite>
      <test-suite type="TestFixture" name="/home/runner/work/GraphApiRequests/GraphApiRequests/Tests/Invoke-GraphApiRequest.Tests.ps1" executed="True" result="Success" success="True" time="0.3328" asserts="0" description="/home/runner/work/GraphApiRequests/GraphApiRequests/Tests/Invoke-GraphApiRequest.Tests.ps1">
        <results>
          <test-suite type="TestFixture" name="Invoke-GraphApiRequest" executed="True" result="Success" success="True" time="0.2804" asserts="0" description="Invoke-GraphApiRequest">
            <results>
              <test-suite type="TestFixture" name="Invoke-GraphApiRequest.Get function with Token" executed="True" result="Success" success="True" time="0.0242" asserts="0" description="Invoke-GraphApiRequest.Get function with Token">
                <results>
                  <test-case description="Returns predefined object " name="Invoke-GraphApiRequest.Get function with Token.Returns predefined object " time="0.0141" asserts="0" success="True" result="Success" executed="True" />
                  <test-case description="Requires mandatory param" name="Invoke-GraphApiRequest.Get function with Token.Requires mandatory param" time="0.0055" asserts="0" success="True" result="Success" executed="True" />
                </results>
              </test-suite>
              <test-suite type="TestFixture" name="Invoke-GraphApiRequest.Get Function without Token" executed="True" result="Success" success="True" time="0.177" asserts="0" description="Invoke-GraphApiRequest.Get Function without Token">
                <results>
                  <test-case description="Returns predefined object" name="Invoke-GraphApiRequest.Get Function without Token.Returns predefined object" time="0.0305" asserts="0" success="True" result="Success" executed="True" />
                  <test-case description="Throw because of TenantID" name="Invoke-GraphApiRequest.Get Function without Token.Throw because of TenantID" time="0.0853" asserts="0" success="True" result="Success" executed="True" />
                  <test-case description="Throw because of AppId" name="Invoke-GraphApiRequest.Get Function without Token.Throw because of AppId" time="0.0184" asserts="0" success="True" result="Success" executed="True" />
                  <test-case description="Throw because of AppSecret" name="Invoke-GraphApiRequest.Get Function without Token.Throw because of AppSecret" time="0.0151" asserts="0" success="True" result="Success" executed="True" />
                </results>
              </test-suite>
            </results>
          </test-suite>
        </results>
      </test-suite>
    </results>
  </test-suite>
</test-results>